BlockChain/app/build/intermediates/manifest_merge_blame_file/debug/manifest-merger-blame-debug-report.txt
1<?xml version="1.0" encoding="utf-8"?>
2<manifest xmlns:android="http://schemas.android.com/apk/res/android"
3    package="com.example.blockchain"
4    android:versionCode="1"
5    android:versionName="1.0" >
6
7    <uses-sdk
8        android:minSdkVersion="24"
8-->src\main\AndroidManifest.xml
9        android:targetSdkVersion="33" />
9-->src\main\AndroidManifest.xml
10    <!-- <uses-permission android:name="android.permission.READ_EXTERNAL_STORAGE" /> -->
11    <uses-permission android:name="android.permission.INTERNET" />
11-->src\main\AndroidManifest.xml:5:5-67
11-->src\main\AndroidManifest.xml:5:22-64
12    <uses-permission android:name="android.permission.ACCESS_WIFI_STATE" />
12-->src\main\AndroidManifest.xml:6:5-76
12-->src\main\AndroidManifest.xml:6:22-73
13
14    <application
14-->src\main\AndroidManifest.xml:8:5-64:19
15        android:allowBackup="true"
15-->src\main\AndroidManifest.xml:9:9-35
16        android:appComponentFactory="androidx.core.app.CoreComponentFactory"
16-->[androidx.core:core:1.7.0] AndroidManifest.xml:24:18-86
17        android:dataExtractionRules="@xml/data_extraction_rules"
17-->src\main\AndroidManifest.xml:10:9-65
18        android:debuggable="true"
19        android:extractNativeLibs="false"
20        android:fullBackupContent="@xml/backup_rules"
20-->src\main\AndroidManifest.xml:11:9-54
21        android:icon="@mipmap/ic_launcher"
21-->src\main\AndroidManifest.xml:12:9-43
22        android:label="@string/app_name"
22-->src\main\AndroidManifest.xml:13:9-41
23        android:roundIcon="@mipmap/ic_launcher_round"
23-->src\main\AndroidManifest.xml:14:9-54
24        android:supportsRtl="true"
24-->src\main\AndroidManifest.xml:15:9-35
25        android:testOnly="true"
26        android:theme="@style/Theme.BlockChain" >
26-->src\main\AndroidManifest.xml:16:9-48
27        <activity
27-->src\main\AndroidManifest.xml:18:9-24:20
28            android:name="com.example.blockchain.TransactionValidationSuccess"
28-->src\main\AndroidManifest.xml:19:13-57
29            android:exported="false" >
29-->src\main\AndroidManifest.xml:20:13-37
30            <meta-data
30-->src\main\AndroidManifest.xml:21:13-23:36
31                android:name="android.app.lib_name"
31-->src\main\AndroidManifest.xml:22:17-52
32                android:value="" />
32-->src\main\AndroidManifest.xml:23:17-33
33        </activity>
34        <activity
34-->src\main\AndroidManifest.xml:25:9-31:20
35            android:name="com.example.blockchain.ScreenLeaderboard"
35-->src\main\AndroidManifest.xml:26:13-46
36            android:exported="false" >
36-->src\main\AndroidManifest.xml:27:13-37
37            <meta-data
37-->src\main\AndroidManifest.xml:21:13-23:36
38                android:name="android.app.lib_name"
38-->src\main\AndroidManifest.xml:22:17-52
39                android:value="" />
39-->src\main\AndroidManifest.xml:23:17-33
40        </activity>
41        <activity android:name="com.example.blockchain.SecondScreen" />
41-->src\main\AndroidManifest.xml:32:9-50
41-->src\main\AndroidManifest.xml:32:19-47
42        <activity android:name="com.example.blockchain.ScreenInscription" />
42-->src\main\AndroidManifest.xml:33:9-55
42-->src\main\AndroidManifest.xml:33:19-52
43        <activity android:name="com.example.blockchain.DBTester" />
43-->src\main\AndroidManifest.xml:34:9-46
43-->src\main\AndroidManifest.xml:34:19-43
44        <activity android:name="com.example.blockchain.ScreenMatchSubmission" />
44-->src\main\AndroidManifest.xml:35:9-59
44-->src\main\AndroidManifest.xml:35:19-56
45        <activity android:name="com.example.blockchain.ScreenValidateAsPlayer" />
45-->src\main\AndroidManifest.xml:36:9-60
45-->src\main\AndroidManifest.xml:36:19-57
46        <activity android:name="com.example.blockchain.ScreenSubmitted" />
46-->src\main\AndroidManifest.xml:37:9-53
46-->src\main\AndroidManifest.xml:37:19-50
47        <activity android:name="com.example.blockchain.ScreenSubmittedPlayer" />
47-->src\main\AndroidManifest.xml:38:9-59
47-->src\main\AndroidManifest.xml:38:19-56
48        <activity
48-->src\main\AndroidManifest.xml:39:9-63:20
49            android:name="com.example.blockchain.MainActivity"
49-->src\main\AndroidManifest.xml:40:13-41
50            android:exported="true" >
50-->src\main\AndroidManifest.xml:41:13-36
51            <intent-filter>
51-->src\main\AndroidManifest.xml:42:13-46:29
52                <action android:name="android.intent.action.MAIN" />
52-->src\main\AndroidManifest.xml:43:17-69
52-->src\main\AndroidManifest.xml:43:25-66
53
54                <category android:name="android.intent.category.LAUNCHER" />
54-->src\main\AndroidManifest.xml:45:17-77
54-->src\main\AndroidManifest.xml:45:27-74
55            </intent-filter>
56            <intent-filter>
56-->src\main\AndroidManifest.xml:47:13-58:29
57                <category android:name="android.intent.category.DEFAULT" />
57-->src\main\AndroidManifest.xml:48:17-76
57-->src\main\AndroidManifest.xml:48:27-73
58                <category android:name="android.intent.category.BROWSABLE" />
58-->src\main\AndroidManifest.xml:49:17-78
58-->src\main\AndroidManifest.xml:49:27-75
59
60                <action android:name="android.intent.action.SEND" />
60-->src\main\AndroidManifest.xml:51:17-69
60-->src\main\AndroidManifest.xml:51:25-66
61                <action android:name="android.intent.action.SENDTO" />
61-->src\main\AndroidManifest.xml:52:17-71
61-->src\main\AndroidManifest.xml:52:25-68
62
63                <data android:scheme="sms" />
63-->src\main\AndroidManifest.xml:54:17-46
63-->src\main\AndroidManifest.xml:54:23-43
64                <data android:scheme="smsto" />
64-->src\main\AndroidManifest.xml:54:17-46
64-->src\main\AndroidManifest.xml:54:23-43
65                <data android:scheme="mms" />
65-->src\main\AndroidManifest.xml:54:17-46
65-->src\main\AndroidManifest.xml:54:23-43
66                <data android:scheme="mmsto" />
66-->src\main\AndroidManifest.xml:54:17-46
66-->src\main\AndroidManifest.xml:54:23-43
67            </intent-filter>
68
69            <meta-data
69-->src\main\AndroidManifest.xml:21:13-23:36
70                android:name="android.app.lib_name"
70-->src\main\AndroidManifest.xml:22:17-52
71                android:value="" />
71-->src\main\AndroidManifest.xml:23:17-33
72        </activity>
73
74        <provider
74-->[androidx.emoji2:emoji2:1.0.0] AndroidManifest.xml:26:9-34:20
75            android:name="androidx.startup.InitializationProvider"
75-->[androidx.emoji2:emoji2:1.0.0] AndroidManifest.xml:27:13-67
76            android:authorities="com.example.blockchain.androidx-startup"
76-->[androidx.emoji2:emoji2:1.0.0] AndroidManifest.xml:28:13-68
77            android:exported="false" >
77-->[androidx.emoji2:emoji2:1.0.0] AndroidManifest.xml:29:13-37
78            <meta-data
78-->[androidx.emoji2:emoji2:1.0.0] AndroidManifest.xml:31:13-33:52
79                android:name="androidx.emoji2.text.EmojiCompatInitializer"
79-->[androidx.emoji2:emoji2:1.0.0] AndroidManifest.xml:32:17-75
80                android:value="androidx.startup" />
80-->[androidx.emoji2:emoji2:1.0.0] AndroidManifest.xml:33:17-49
81            <meta-data
81-->[androidx.lifecycle:lifecycle-process:2.4.0] AndroidManifest.xml:31:13-33:52
82                android:name="androidx.lifecycle.ProcessLifecycleInitializer"
82-->[androidx.lifecycle:lifecycle-process:2.4.0] AndroidManifest.xml:32:17-78
83                android:value="androidx.startup" />
83-->[androidx.lifecycle:lifecycle-process:2.4.0] AndroidManifest.xml:33:17-49
84        </provider>
85    </application>
86
87</manifest>